{"D:\\Javascript\\react-nytimes\\react-nytimes\\src\\App.tsx": {"path":"D:\\Javascript\\react-nytimes\\react-nytimes\\src\\App.tsx","statementMap":{"0":{"start":{"line":1,"column":0},"end":{"line":1,"column":49}},"1":{"start":{"line":2,"column":0},"end":{"line":2,"column":63}},"2":{"start":{"line":3,"column":0},"end":{"line":3,"column":69}},"3":{"start":{"line":5,"column":12},"end":{"line":14,"column":1}},"4":{"start":{"line":6,"column":2},"end":{"line":13,"column":4}},"5":{"start":{"line":16,"column":0},"end":{"line":16,"column":19}}},"fnMap":{"0":{"name":"(anonymous_0)","decl":{"start":{"line":5,"column":12},"end":{"line":5,"column":15}},"loc":{"start":{"line":5,"column":17},"end":{"line":14,"column":1}}}},"branchMap":{},"s":{"0":1,"1":1,"2":1,"3":1,"4":2,"5":1},"f":{"0":2},"b":{}}
,"D:\\Javascript\\react-nytimes\\react-nytimes\\src\\api\\articlesApi.tsx": {"path":"D:\\Javascript\\react-nytimes\\react-nytimes\\src\\api\\articlesApi.tsx","statementMap":{"0":{"start":{"line":1,"column":0},"end":{"line":1,"column":73}},"1":{"start":{"line":4,"column":24},"end":{"line":4,"column":58}},"2":{"start":{"line":6,"column":13},"end":{"line":31,"column":3}},"3":{"start":{"line":9,"column":27},"end":{"line":30,"column":4}},"4":{"start":{"line":11,"column":19},"end":{"line":11,"column":61}},"5":{"start":{"line":15,"column":8},"end":{"line":17,"column":9}},"6":{"start":{"line":16,"column":10},"end":{"line":16,"column":34}},"7":{"start":{"line":19,"column":8},"end":{"line":27,"column":10}},"8":{"start":{"line":20,"column":54},"end":{"line":26,"column":13}},"9":{"start":{"line":33,"column":15},"end":{"line":33,"column":51}}},"fnMap":{"0":{"name":"(anonymous_0)","decl":{"start":{"line":9,"column":13},"end":{"line":9,"column":14}},"loc":{"start":{"line":9,"column":27},"end":{"line":30,"column":4}}},"1":{"name":"(anonymous_1)","decl":{"start":{"line":11,"column":13},"end":{"line":11,"column":16}},"loc":{"start":{"line":11,"column":19},"end":{"line":11,"column":61}}},"2":{"name":"(anonymous_2)","decl":{"start":{"line":13,"column":25},"end":{"line":13,"column":26}},"loc":{"start":{"line":13,"column":89},"end":{"line":28,"column":7}}},"3":{"name":"(anonymous_3)","decl":{"start":{"line":20,"column":41},"end":{"line":20,"column":42}},"loc":{"start":{"line":20,"column":53},"end":{"line":26,"column":13}}}},"branchMap":{"0":{"loc":{"start":{"line":15,"column":8},"end":{"line":17,"column":9}},"type":"if","locations":[{"start":{"line":15,"column":8},"end":{"line":17,"column":9}}]},"1":{"loc":{"start":{"line":15,"column":12},"end":{"line":15,"column":57}},"type":"binary-expr","locations":[{"start":{"line":15,"column":12},"end":{"line":15,"column":21}},{"start":{"line":15,"column":25},"end":{"line":15,"column":57}}]},"2":{"loc":{"start":{"line":25,"column":22},"end":{"line":25,"column":76}},"type":"binary-expr","locations":[{"start":{"line":25,"column":22},"end":{"line":25,"column":70}},{"start":{"line":25,"column":74},"end":{"line":25,"column":76}}]},"3":{"loc":{"start":{"line":25,"column":22},"end":{"line":25,"column":70}},"type":"cond-expr","locations":[{"start":{"line":25,"column":65},"end":{"line":25,"column":67}},{"start":{"line":25,"column":65},"end":{"line":25,"column":70}}]},"4":{"loc":{"start":{"line":25,"column":22},"end":{"line":25,"column":67}},"type":"binary-expr","locations":[{"start":{"line":25,"column":22},"end":{"line":25,"column":67}},{"start":{"line":25,"column":65},"end":{"line":25,"column":67}}]},"5":{"loc":{"start":{"line":25,"column":22},"end":{"line":25,"column":65}},"type":"cond-expr","locations":[{"start":{"line":25,"column":60},"end":{"line":25,"column":63}},{"start":{"line":25,"column":60},"end":{"line":25,"column":65}}]},"6":{"loc":{"start":{"line":25,"column":22},"end":{"line":25,"column":63}},"type":"binary-expr","locations":[{"start":{"line":25,"column":22},"end":{"line":25,"column":63}},{"start":{"line":25,"column":60},"end":{"line":25,"column":63}}]},"7":{"loc":{"start":{"line":25,"column":22},"end":{"line":25,"column":60}},"type":"cond-expr","locations":[{"start":{"line":25,"column":40},"end":{"line":25,"column":43}},{"start":{"line":25,"column":40},"end":{"line":25,"column":60}}]},"8":{"loc":{"start":{"line":25,"column":22},"end":{"line":25,"column":43}},"type":"binary-expr","locations":[{"start":{"line":25,"column":22},"end":{"line":25,"column":43}},{"start":{"line":25,"column":40},"end":{"line":25,"column":43}}]},"9":{"loc":{"start":{"line":25,"column":22},"end":{"line":25,"column":40}},"type":"cond-expr","locations":[{"start":{"line":25,"column":35},"end":{"line":25,"column":38}},{"start":{"line":25,"column":35},"end":{"line":25,"column":40}}]},"10":{"loc":{"start":{"line":25,"column":22},"end":{"line":25,"column":38}},"type":"binary-expr","locations":[{"start":{"line":25,"column":22},"end":{"line":25,"column":38}},{"start":{"line":25,"column":35},"end":{"line":25,"column":38}}]}},"s":{"0":4,"1":4,"2":4,"3":4,"4":6,"5":5,"6":2,"7":3,"8":3,"9":4},"f":{"0":4,"1":6,"2":5,"3":3},"b":{"0":[2],"1":[5,4],"2":[3,2],"3":[2,1],"4":[3,3],"5":[2,1],"6":[3,3],"7":[2,1],"8":[3,3],"9":[1,2],"10":[3,3]}}
,"D:\\Javascript\\react-nytimes\\react-nytimes\\src\\components\\ArticleDetail\\ArticleDetail.tsx": {"path":"D:\\Javascript\\react-nytimes\\react-nytimes\\src\\components\\ArticleDetail\\ArticleDetail.tsx","statementMap":{"0":{"start":{"line":1,"column":0},"end":{"line":1,"column":115}},"1":{"start":{"line":2,"column":0},"end":{"line":2,"column":40}},"2":{"start":{"line":3,"column":0},"end":{"line":3,"column":62}},"3":{"start":{"line":5,"column":22},"end":{"line":35,"column":1}},"4":{"start":{"line":6,"column":40},"end":{"line":6,"column":59}},"5":{"start":{"line":8,"column":3},"end":{"line":13,"column":8}},"6":{"start":{"line":9,"column":6},"end":{"line":13,"column":8}},"7":{"start":{"line":14,"column":2},"end":{"line":14,"column":95}},"8":{"start":{"line":14,"column":13},"end":{"line":14,"column":95}},"9":{"start":{"line":15,"column":2},"end":{"line":15,"column":80}},"10":{"start":{"line":15,"column":16},"end":{"line":15,"column":80}},"11":{"start":{"line":17,"column":2},"end":{"line":34,"column":4}},"12":{"start":{"line":37,"column":0},"end":{"line":37,"column":29}}},"fnMap":{"0":{"name":"(anonymous_0)","decl":{"start":{"line":5,"column":22},"end":{"line":5,"column":25}},"loc":{"start":{"line":5,"column":27},"end":{"line":35,"column":1}}}},"branchMap":{"0":{"loc":{"start":{"line":8,"column":3},"end":{"line":13,"column":8}},"type":"if","locations":[{"start":{"line":8,"column":3},"end":{"line":13,"column":8}}]},"1":{"loc":{"start":{"line":14,"column":2},"end":{"line":14,"column":95}},"type":"if","locations":[{"start":{"line":14,"column":2},"end":{"line":14,"column":95}}]},"2":{"loc":{"start":{"line":15,"column":2},"end":{"line":15,"column":80}},"type":"if","locations":[{"start":{"line":15,"column":2},"end":{"line":15,"column":80}}]},"3":{"loc":{"start":{"line":20,"column":9},"end":{"line":21,"column":35}},"type":"binary-expr","locations":[{"start":{"line":20,"column":9},"end":{"line":20,"column":25}},{"start":{"line":20,"column":29},"end":{"line":21,"column":35}}]}},"s":{"0":1,"1":1,"2":1,"3":1,"4":5,"5":5,"6":1,"7":4,"8":1,"9":3,"10":1,"11":2,"12":1},"f":{"0":5},"b":{"0":[1],"1":[1],"2":[1],"3":[2,2]}}
,"D:\\Javascript\\react-nytimes\\react-nytimes\\src\\components\\ArticleList\\ArticleCard.tsx": {"path":"D:\\Javascript\\react-nytimes\\react-nytimes\\src\\components\\ArticleList\\ArticleCard.tsx","statementMap":{"0":{"start":{"line":1,"column":0},"end":{"line":1,"column":null}},"1":{"start":{"line":8,"column":0},"end":{"line":8,"column":40}},"2":{"start":{"line":15,"column":37},"end":{"line":47,"column":1}},"3":{"start":{"line":16,"column":2},"end":{"line":46,"column":4}},"4":{"start":{"line":49,"column":0},"end":{"line":49,"column":27}}},"fnMap":{"0":{"name":"(anonymous_0)","decl":{"start":{"line":15,"column":37},"end":{"line":15,"column":38}},"loc":{"start":{"line":15,"column":53},"end":{"line":47,"column":1}}}},"branchMap":{"0":{"loc":{"start":{"line":18,"column":7},"end":{"line":23,"column":null}},"type":"binary-expr","locations":[{"start":{"line":18,"column":7},"end":{"line":18,"column":23}},{"start":{"line":19,"column":8},"end":{"line":22,"column":null}}]}},"s":{"0":2,"1":2,"2":2,"3":7,"4":2},"f":{"0":7},"b":{"0":[7,3]}}
,"D:\\Javascript\\react-nytimes\\react-nytimes\\src\\components\\ArticleList\\ArticleList.tsx": {"path":"D:\\Javascript\\react-nytimes\\react-nytimes\\src\\components\\ArticleList\\ArticleList.tsx","statementMap":{"0":{"start":{"line":1,"column":0},"end":{"line":1,"column":60}},"1":{"start":{"line":2,"column":0},"end":{"line":2,"column":40}},"2":{"start":{"line":4,"column":0},"end":{"line":4,"column":62}},"3":{"start":{"line":6,"column":20},"end":{"line":27,"column":1}},"4":{"start":{"line":7,"column":41},"end":{"line":7,"column":60}},"5":{"start":{"line":9,"column":2},"end":{"line":14,"column":6}},"6":{"start":{"line":10,"column":4},"end":{"line":14,"column":6}},"7":{"start":{"line":16,"column":2},"end":{"line":16,"column":88}},"8":{"start":{"line":16,"column":13},"end":{"line":16,"column":88}},"9":{"start":{"line":18,"column":2},"end":{"line":26,"column":4}},"10":{"start":{"line":21,"column":8},"end":{"line":21,"column":null}},"11":{"start":{"line":29,"column":0},"end":{"line":29,"column":27}}},"fnMap":{"0":{"name":"(anonymous_0)","decl":{"start":{"line":6,"column":20},"end":{"line":6,"column":23}},"loc":{"start":{"line":6,"column":25},"end":{"line":27,"column":1}}},"1":{"name":"(anonymous_1)","decl":{"start":{"line":20,"column":20},"end":{"line":20,"column":21}},"loc":{"start":{"line":21,"column":8},"end":{"line":21,"column":null}}}},"branchMap":{"0":{"loc":{"start":{"line":9,"column":2},"end":{"line":14,"column":6}},"type":"if","locations":[{"start":{"line":9,"column":2},"end":{"line":14,"column":6}}]},"1":{"loc":{"start":{"line":16,"column":2},"end":{"line":16,"column":88}},"type":"if","locations":[{"start":{"line":16,"column":2},"end":{"line":16,"column":88}}]}},"s":{"0":1,"1":1,"2":1,"3":1,"4":4,"5":4,"6":1,"7":3,"8":1,"9":2,"10":3,"11":1},"f":{"0":4,"1":3},"b":{"0":[1],"1":[1]}}
,"D:\\Javascript\\react-nytimes\\react-nytimes\\src\\hooks\\useArticleDetails.ts": {"path":"D:\\Javascript\\react-nytimes\\react-nytimes\\src\\hooks\\useArticleDetails.ts","statementMap":{"0":{"start":{"line":1,"column":0},"end":{"line":1,"column":45}},"1":{"start":{"line":2,"column":0},"end":{"line":2,"column":57}},"2":{"start":{"line":3,"column":0},"end":{"line":3,"column":32}},"3":{"start":{"line":7,"column":26},"end":{"line":20,"column":1}},"4":{"start":{"line":8,"column":37},"end":{"line":8,"column":60}},"5":{"start":{"line":9,"column":17},"end":{"line":9,"column":44}},"6":{"start":{"line":12,"column":30},"end":{"line":12,"column":73}},"7":{"start":{"line":12,"column":44},"end":{"line":12,"column":66}},"8":{"start":{"line":15,"column":18},"end":{"line":17,"column":20}},"9":{"start":{"line":16,"column":4},"end":{"line":16,"column":68}},"10":{"start":{"line":16,"column":37},"end":{"line":16,"column":59}},"11":{"start":{"line":19,"column":2},"end":{"line":19,"column":49}},"12":{"start":{"line":22,"column":0},"end":{"line":22,"column":33}}},"fnMap":{"0":{"name":"(anonymous_0)","decl":{"start":{"line":7,"column":26},"end":{"line":7,"column":29}},"loc":{"start":{"line":7,"column":31},"end":{"line":20,"column":1}}},"1":{"name":"(anonymous_1)","decl":{"start":{"line":12,"column":38},"end":{"line":12,"column":41}},"loc":{"start":{"line":12,"column":43},"end":{"line":12,"column":66}}},"2":{"name":"(anonymous_2)","decl":{"start":{"line":15,"column":26},"end":{"line":15,"column":29}},"loc":{"start":{"line":15,"column":31},"end":{"line":17,"column":3}}},"3":{"name":"(anonymous_3)","decl":{"start":{"line":16,"column":30},"end":{"line":16,"column":31}},"loc":{"start":{"line":16,"column":37},"end":{"line":16,"column":59}}}},"branchMap":{"0":{"loc":{"start":{"line":12,"column":44},"end":{"line":12,"column":64}},"type":"cond-expr","locations":[{"start":{"line":12,"column":58},"end":{"line":12,"column":62}},{"start":{"line":12,"column":62},"end":{"line":12,"column":64}}]},"1":{"loc":{"start":{"line":12,"column":44},"end":{"line":12,"column":62}},"type":"binary-expr","locations":[{"start":{"line":12,"column":44},"end":{"line":12,"column":62}},{"start":{"line":12,"column":58},"end":{"line":12,"column":62}}]},"2":{"loc":{"start":{"line":12,"column":44},"end":{"line":12,"column":58}},"type":"cond-expr","locations":[{"start":{"line":12,"column":48},"end":{"line":12,"column":50}},{"start":{"line":12,"column":44},"end":{"line":12,"column":58}}]},"3":{"loc":{"start":{"line":12,"column":44},"end":{"line":12,"column":50}},"type":"binary-expr","locations":[{"start":{"line":12,"column":44},"end":{"line":12,"column":50}},{"start":{"line":12,"column":44},"end":{"line":12,"column":50}}]},"4":{"loc":{"start":{"line":16,"column":11},"end":{"line":16,"column":67}},"type":"cond-expr","locations":[{"start":{"line":16,"column":16},"end":{"line":16,"column":60}},{"start":{"line":16,"column":63},"end":{"line":16,"column":67}}]}},"s":{"0":3,"1":3,"2":3,"3":3,"4":4,"5":4,"6":4,"7":4,"8":4,"9":4,"10":1,"11":4,"12":3},"f":{"0":4,"1":4,"2":4,"3":1},"b":{"0":[2,2],"1":[4,4],"2":[2,2],"3":[4,4],"4":[3,1]}}
,"D:\\Javascript\\react-nytimes\\react-nytimes\\src\\store\\store.ts": {"path":"D:\\Javascript\\react-nytimes\\react-nytimes\\src\\store\\store.ts","statementMap":{"0":{"start":{"line":1,"column":0},"end":{"line":1,"column":50}},"1":{"start":{"line":2,"column":0},"end":{"line":2,"column":49}},"2":{"start":{"line":4,"column":13},"end":{"line":10,"column":3}},"3":{"start":{"line":9,"column":4},"end":{"line":9,"column":57}}},"fnMap":{"0":{"name":"(anonymous_0)","decl":{"start":{"line":8,"column":14},"end":{"line":8,"column":15}},"loc":{"start":{"line":9,"column":4},"end":{"line":9,"column":57}}}},"branchMap":{},"s":{"0":1,"1":1,"2":1,"3":1},"f":{"0":1},"b":{}}
}
