TN:
SF:src\App.tsx
FN:5,(anonymous_0)
FNF:1
FNH:1
FNDA:2,(anonymous_0)
DA:1,1
DA:2,1
DA:3,1
DA:5,1
DA:6,2
DA:16,1
LF:6
LH:6
BRF:0
BRH:0
end_of_record
TN:
SF:src\api\articlesApi.tsx
FN:9,(anonymous_0)
FN:11,(anonymous_1)
FN:13,(anonymous_2)
FN:20,(anonymous_3)
FNF:4
FNH:4
FNDA:4,(anonymous_0)
FNDA:6,(anonymous_1)
FNDA:5,(anonymous_2)
FNDA:3,(anonymous_3)
DA:1,4
DA:4,4
DA:6,4
DA:9,4
DA:11,6
DA:15,5
DA:16,2
DA:19,3
DA:20,3
DA:33,4
LF:10
LH:10
BRDA:15,0,0,2
BRDA:15,1,0,5
BRDA:15,1,1,4
BRDA:25,2,0,3
BRDA:25,2,1,2
BRDA:25,3,0,2
BRDA:25,3,1,1
BRDA:25,4,0,3
BRDA:25,4,1,3
BRDA:25,5,0,2
BRDA:25,5,1,1
BRDA:25,6,0,3
BRDA:25,6,1,3
BRDA:25,7,0,2
BRDA:25,7,1,1
BRDA:25,8,0,3
BRDA:25,8,1,3
BRDA:25,9,0,1
BRDA:25,9,1,2
BRDA:25,10,0,3
BRDA:25,10,1,3
BRF:21
BRH:21
end_of_record
TN:
SF:src\components\ArticleDetail\ArticleDetail.tsx
FN:5,(anonymous_0)
FNF:1
FNH:1
FNDA:5,(anonymous_0)
DA:1,1
DA:2,1
DA:3,1
DA:5,1
DA:6,5
DA:8,5
DA:9,1
DA:14,4
DA:15,3
DA:17,2
DA:37,1
LF:11
LH:11
BRDA:8,0,0,1
BRDA:14,1,0,1
BRDA:15,2,0,1
BRDA:20,3,0,2
BRDA:20,3,1,2
BRF:5
BRH:5
end_of_record
TN:
SF:src\components\ArticleList\ArticleCard.tsx
FN:15,(anonymous_0)
FNF:1
FNH:1
FNDA:7,(anonymous_0)
DA:1,2
DA:8,2
DA:15,2
DA:16,7
DA:49,2
LF:5
LH:5
BRDA:18,0,0,7
BRDA:18,0,1,3
BRF:2
BRH:2
end_of_record
TN:
SF:src\components\ArticleList\ArticleList.tsx
FN:6,(anonymous_0)
FN:20,(anonymous_1)
FNF:2
FNH:2
FNDA:4,(anonymous_0)
FNDA:3,(anonymous_1)
DA:1,1
DA:2,1
DA:4,1
DA:6,1
DA:7,4
DA:9,4
DA:10,1
DA:16,3
DA:18,2
DA:21,3
DA:29,1
LF:11
LH:11
BRDA:9,0,0,1
BRDA:16,1,0,1
BRF:2
BRH:2
end_of_record
TN:
SF:src\hooks\useArticleDetails.ts
FN:7,(anonymous_0)
FN:12,(anonymous_1)
FN:15,(anonymous_2)
FN:16,(anonymous_3)
FNF:4
FNH:4
FNDA:4,(anonymous_0)
FNDA:4,(anonymous_1)
FNDA:4,(anonymous_2)
FNDA:1,(anonymous_3)
DA:1,3
DA:2,3
DA:3,3
DA:7,3
DA:8,4
DA:9,4
DA:12,4
DA:15,4
DA:16,4
DA:19,4
DA:22,3
LF:11
LH:11
BRDA:12,0,0,2
BRDA:12,0,1,2
BRDA:12,1,0,4
BRDA:12,1,1,4
BRDA:12,2,0,2
BRDA:12,2,1,2
BRDA:12,3,0,4
BRDA:12,3,1,4
BRDA:16,4,0,3
BRDA:16,4,1,1
BRF:10
BRH:10
end_of_record
TN:
SF:src\store\store.ts
FN:8,(anonymous_0)
FNF:1
FNH:1
FNDA:1,(anonymous_0)
DA:1,1
DA:2,1
DA:4,1
DA:9,1
LF:4
LH:4
BRF:0
BRH:0
end_of_record
